Command line:
   ALU_TB_isim_beh.exe
     -simmode  gui
     -simrunnum  0
     -socket  59106

Thu Dec 29 10:35:09 2016


 Elaboration Time: 0.0625 sec

 Current Memory Usage: 348.086 Meg

 Total Signals          : 38
 Total Nets             : 64
 Total Signal Drivers   : 17
 Total Blocks           : 10
 Total Primitive Blocks : 8
 Total Processes        : 15
 Total Traceable Variables  : 15
 Total Scalar Nets and Variables : 565
Total Line Count : 112

 Total Simulation Time: 0.1875 sec

 Current Memory Usage: 348.086 Meg

Thu Dec 29 10:41:39 2016

