--------------------------------------------------------------------------------
Release 14.7 Trace  (nt)
Copyright (c) 1995-2013 Xilinx, Inc.  All rights reserved.

C:\Xilinx\14.7\ISE_DS\ISE\bin\nt\unwrapped\trce.exe -intstyle ise -v 3 -s 3 -n
3 -fastpaths -xml toplevel.twx toplevel.ncd -o toplevel.twr toplevel.pcf -ucf
constraints.ucf

Design file:              toplevel.ncd
Physical constraint file: toplevel.pcf
Device,package,speed:     xc6slx16,csg324,C,-3 (PRODUCTION 1.23 2013-10-13)
Report level:             verbose report

Environment Variable      Effect 
--------------------      ------ 
NONE                      No environment variables were set
--------------------------------------------------------------------------------

INFO:Timing:2698 - No timing constraints found, doing default enumeration.
INFO:Timing:3412 - To improve timing, see the Timing Closure User Guide (UG612).
INFO:Timing:2752 - To get complete path coverage, use the unconstrained paths 
   option. All paths that are not constrained will be reported in the 
   unconstrained paths section(s) of the report.
INFO:Timing:3339 - The clock-to-out numbers in this timing report are based on 
   a 50 Ohm transmission line loading model.  For the details of this model, 
   and for more information on accounting for different loading conditions, 
   please see the device datasheet.



Data Sheet report:
-----------------
All values displayed in nanoseconds (ns)

Pad to Pad
---------------+---------------+---------+
Source Pad     |Destination Pad|  Delay  |
---------------+---------------+---------+
JA<0>          |LED<0>         |   10.019|
JA<0>          |LED<1>         |    9.856|
JA<0>          |LED<2>         |   11.585|
JA<0>          |LED<3>         |   11.680|
JA<1>          |LED<1>         |   10.097|
JA<1>          |LED<2>         |   10.402|
JA<1>          |LED<3>         |   11.325|
JA<2>          |LED<2>         |   10.522|
JA<2>          |LED<3>         |   11.403|
JA<3>          |LED<0>         |    9.720|
JA<3>          |LED<3>         |   10.516|
JB<0>          |LED<0>         |   10.451|
JB<0>          |LED<1>         |   10.544|
JB<0>          |LED<2>         |   11.230|
JB<0>          |LED<3>         |   11.022|
JB<1>          |LED<0>         |   10.155|
JB<1>          |LED<1>         |   10.312|
JB<1>          |LED<2>         |   10.482|
JB<1>          |LED<3>         |   11.021|
JB<2>          |LED<2>         |   10.756|
JB<2>          |LED<3>         |   11.090|
JB<3>          |LED<3>         |   10.389|
JC<0>          |LED<0>         |   11.060|
JC<0>          |LED<1>         |   11.339|
JC<0>          |LED<2>         |   11.066|
JC<0>          |LED<3>         |   10.757|
JC<1>          |LED<0>         |   10.774|
JC<1>          |LED<1>         |   10.936|
JC<1>          |LED<2>         |   10.887|
JC<1>          |LED<3>         |   11.038|
---------------+---------------+---------+


Analysis completed Wed Dec 14 18:35:14 2016 
--------------------------------------------------------------------------------

Trace Settings:
-------------------------
Trace Settings 

Peak Memory Usage: 179 MB



