Release 14.7 - xst P.20131013 (nt)
Copyright (c) 1995-2013 Xilinx, Inc.  All rights reserved.
--> Parameter TMPDIR set to xst/projnav.tmp


Total REAL time to Xst completion: 0.00 secs
Total CPU time to Xst completion: 0.18 secs
 
--> Parameter xsthdpdir set to xst


Total REAL time to Xst completion: 0.00 secs
Total CPU time to Xst completion: 0.18 secs
 
--> Reading design: toplevel.prj

TABLE OF CONTENTS
  1) Synthesis Options Summary
  2) HDL Parsing
  3) HDL Elaboration
  4) HDL Synthesis
       4.1) HDL Synthesis Report
  5) Advanced HDL Synthesis
       5.1) Advanced HDL Synthesis Report
  6) Low Level Synthesis
  7) Partition Report
  8) Design Summary
       8.1) Primitive and Black Box Usage
       8.2) Device utilization summary
       8.3) Partition Resource Summary
       8.4) Timing Report
            8.4.1) Clock Information
            8.4.2) Asynchronous Control Signals Information
            8.4.3) Timing Summary
            8.4.4) Timing Details
            8.4.5) Cross Clock Domains Report


=========================================================================
*                      Synthesis Options Summary                        *
=========================================================================
---- Source Parameters
Input File Name                    : "toplevel.prj"
Ignore Synthesis Constraint File   : NO

---- Target Parameters
Output File Name                   : "toplevel"
Output Format                      : NGC
Target Device                      : xc6slx16-3-csg324

---- Source Options
Top Module Name                    : toplevel
Automatic FSM Extraction           : YES
FSM Encoding Algorithm             : Auto
Safe Implementation                : No
FSM Style                          : LUT
RAM Extraction                     : Yes
RAM Style                          : Auto
ROM Extraction                     : Yes
Shift Register Extraction          : YES
ROM Style                          : Auto
Resource Sharing                   : YES
Asynchronous To Synchronous        : NO
Shift Register Minimum Size        : 2
Use DSP Block                      : Auto
Automatic Register Balancing       : No

---- Target Options
LUT Combining                      : Auto
Reduce Control Sets                : Auto
Add IO Buffers                     : YES
Global Maximum Fanout              : 100000
Add Generic Clock Buffer(BUFG)     : 16
Register Duplication               : YES
Optimize Instantiated Primitives   : NO
Use Clock Enable                   : Auto
Use Synchronous Set                : Auto
Use Synchronous Reset              : Auto
Pack IO Registers into IOBs        : Auto
Equivalent register Removal        : YES

---- General Options
Optimization Goal                  : Speed
Optimization Effort                : 1
Power Reduction                    : NO
Keep Hierarchy                     : No
Netlist Hierarchy                  : As_Optimized
RTL Output                         : Yes
Global Optimization                : AllClockNets
Read Cores                         : YES
Write Timing Constraints           : NO
Cross Clock Analysis               : NO
Hierarchy Separator                : /
Bus Delimiter                      : <>
Case Specifier                     : Maintain
Slice Utilization Ratio            : 100
BRAM Utilization Ratio             : 100
DSP48 Utilization Ratio            : 100
Auto BRAM Packing                  : NO
Slice Utilization Ratio Delta      : 5

=========================================================================


=========================================================================
*                          HDL Parsing                                  *
=========================================================================
Parsing VHDL file "C:\Users\kaskkmar\Documents\IT6pe\Digiloogika\ALU_FPGA\PORTER.vhdl" into library work
Parsing entity <PORTER>.
Parsing architecture <design> of entity <porter>.
Parsing VHDL file "C:\Users\kaskkmar\Documents\IT6pe\Digiloogika\ALU_FPGA\mux.vhdl" into library work
Parsing entity <Mux>.
Parsing architecture <RTL> of entity <mux>.
Parsing VHDL file "C:\Users\kaskkmar\Documents\IT6pe\Digiloogika\ALU_FPGA\func_4.vhdl" into library work
Parsing entity <func4>.
Parsing architecture <design> of entity <func4>.
Parsing VHDL file "C:\Users\kaskkmar\Documents\IT6pe\Digiloogika\ALU_FPGA\func_3.vhdl" into library work
Parsing entity <func3>.
Parsing architecture <design> of entity <func3>.
Parsing VHDL file "C:\Users\kaskkmar\Documents\IT6pe\Digiloogika\ALU_FPGA\func_2.vhdl" into library work
Parsing entity <func2>.
Parsing architecture <design> of entity <func2>.
Parsing VHDL file "C:\Users\kaskkmar\Documents\IT6pe\Digiloogika\ALU_FPGA\func_1.vhdl" into library work
Parsing entity <func1>.
Parsing architecture <design> of entity <func1>.
Parsing VHDL file "C:\Users\kaskkmar\Documents\IT6pe\Digiloogika\ALU_FPGA\toplevel.vhd" into library work
Parsing entity <toplevel>.
Parsing architecture <RTL> of entity <toplevel>.

=========================================================================
*                            HDL Elaboration                            *
=========================================================================

Elaborating entity <toplevel> (architecture <RTL>) from library <work>.

Elaborating entity <PORTER> (architecture <design>) from library <work>.

Elaborating entity <func1> (architecture <design>) from library <work>.

Elaborating entity <func2> (architecture <design>) from library <work>.

Elaborating entity <func3> (architecture <design>) from library <work>.
INFO:HDLCompiler:679 - "C:\Users\kaskkmar\Documents\IT6pe\Digiloogika\ALU_FPGA\func_3.vhdl" Line 32. Case statement is complete. others clause is never selected

Elaborating entity <func4> (architecture <design>) from library <work>.

Elaborating entity <Mux> (architecture <RTL>) from library <work>.
INFO:HDLCompiler:679 - "C:\Users\kaskkmar\Documents\IT6pe\Digiloogika\ALU_FPGA\mux.vhdl" Line 36. Case statement is complete. others clause is never selected

=========================================================================
*                           HDL Synthesis                               *
=========================================================================

Synthesizing Unit <toplevel>.
    Related source file is "C:\Users\kaskkmar\Documents\IT6pe\Digiloogika\ALU_FPGA\toplevel.vhd".
WARNING:Xst:647 - Input <JD> is never used. This port will be preserved and left unconnected if it belongs to a top-level block or it belongs to a sub-block and the hierarchy of this sub-block is preserved.
WARNING:Xst:647 - Input <clk> is never used. This port will be preserved and left unconnected if it belongs to a top-level block or it belongs to a sub-block and the hierarchy of this sub-block is preserved.
    Summary:
	no macro.
Unit <toplevel> synthesized.

Synthesizing Unit <PORTER>.
    Related source file is "C:\Users\kaskkmar\Documents\IT6pe\Digiloogika\ALU_FPGA\PORTER.vhdl".
    Summary:
	no macro.
Unit <PORTER> synthesized.

Synthesizing Unit <func1>.
    Related source file is "C:\Users\kaskkmar\Documents\IT6pe\Digiloogika\ALU_FPGA\func_1.vhdl".
    Found 4-bit adder for signal <o_sign> created at line 21.
    Summary:
	inferred   1 Adder/Subtractor(s).
Unit <func1> synthesized.

Synthesizing Unit <func2>.
    Related source file is "C:\Users\kaskkmar\Documents\IT6pe\Digiloogika\ALU_FPGA\func_2.vhdl".
    Summary:
	no macro.
Unit <func2> synthesized.

Synthesizing Unit <func3>.
    Related source file is "C:\Users\kaskkmar\Documents\IT6pe\Digiloogika\ALU_FPGA\func_3.vhdl".
    Found 4-bit 4-to-1 multiplexer for signal <o_sign> created at line 23.
    Summary:
	inferred   1 Multiplexer(s).
Unit <func3> synthesized.

Synthesizing Unit <func4>.
    Related source file is "C:\Users\kaskkmar\Documents\IT6pe\Digiloogika\ALU_FPGA\func_4.vhdl".
    Summary:
	no macro.
Unit <func4> synthesized.

Synthesizing Unit <Mux>.
    Related source file is "C:\Users\kaskkmar\Documents\IT6pe\Digiloogika\ALU_FPGA\mux.vhdl".
    Found 4-bit 4-to-1 multiplexer for signal <m_o> created at line 31.
    Summary:
	inferred   1 Multiplexer(s).
Unit <Mux> synthesized.

=========================================================================
HDL Synthesis Report

Macro Statistics
# Adders/Subtractors                                   : 1
 4-bit adder                                           : 1
# Multiplexers                                         : 2
 4-bit 4-to-1 multiplexer                              : 2

=========================================================================

=========================================================================
*                       Advanced HDL Synthesis                          *
=========================================================================


=========================================================================
Advanced HDL Synthesis Report

Macro Statistics
# Adders/Subtractors                                   : 1
 4-bit adder                                           : 1
# Multiplexers                                         : 2
 4-bit 4-to-1 multiplexer                              : 2

=========================================================================

=========================================================================
*                         Low Level Synthesis                           *
=========================================================================

Optimizing unit <toplevel> ...

Mapping all equations...
Building and optimizing final netlist ...
Found area constraint ratio of 100 (+ 5) on block toplevel, actual ratio is 0.

Final Macro Processing ...

=========================================================================
Final Register Report

Found no macro
=========================================================================

=========================================================================
*                           Partition Report                            *
=========================================================================

Partition Implementation Status
-------------------------------

  No Partitions were found in this design.

-------------------------------

=========================================================================
*                            Design Summary                             *
=========================================================================

Top Level Output File Name         : toplevel.ngc

Primitive and Black Box Usage:
------------------------------
# BELS                             : 11
#      GND                         : 1
#      LUT2                        : 1
#      LUT4                        : 1
#      LUT5                        : 1
#      LUT6                        : 5
#      MUXF7                       : 2
# IO Buffers                       : 18
#      IBUF                        : 10
#      OBUF                        : 8

Device utilization summary:
---------------------------

Selected Device : 6slx16csg324-3 


Slice Logic Utilization: 
 Number of Slice LUTs:                    8  out of   9112     0%  
    Number used as Logic:                 8  out of   9112     0%  

Slice Logic Distribution: 
 Number of LUT Flip Flop pairs used:      8
   Number with an unused Flip Flop:       8  out of      8   100%  
   Number with an unused LUT:             0  out of      8     0%  
   Number of fully used LUT-FF pairs:     0  out of      8     0%  
   Number of unique control sets:         0

IO Utilization: 
 Number of IOs:                          41
 Number of bonded IOBs:                  18  out of    232     7%  

Specific Feature Utilization:

---------------------------
Partition Resource Summary:
---------------------------

  No Partitions were found in this design.

---------------------------


=========================================================================
Timing Report

NOTE: THESE TIMING NUMBERS ARE ONLY A SYNTHESIS ESTIMATE.
      FOR ACCURATE TIMING INFORMATION PLEASE REFER TO THE TRACE REPORT
      GENERATED AFTER PLACE-and-ROUTE.

Clock Information:
------------------
No clock signals found in this design

Asynchronous Control Signals Information:
----------------------------------------
No asynchronous control signals found in this design

Timing Summary:
---------------
Speed Grade: -3

   Minimum period: No path found
   Minimum input arrival time before clock: No path found
   Maximum output required time after clock: No path found
   Maximum combinational path delay: 6.783ns

Timing Details:
---------------
All values displayed in nanoseconds (ns)

=========================================================================
Timing constraint: Default path analysis
  Total number of paths / destination ports: 41 / 4
-------------------------------------------------------------------------
Delay:               6.783ns (Levels of Logic = 5)
  Source:            JA<2> (PAD)
  Destination:       LED<3> (PAD)

  Data Path: JA<2> to LED<3>
                                Gate     Net
    Cell:in->out      fanout   Delay   Delay  Logical Name (Net Name)
    ----------------------------------------  ------------
     IBUF:I->O             4   1.222   1.048  JA_2_IBUF (JA_2_IBUF)
     LUT6:I0->O            1   0.203   0.827  F1/Madd_o_sign_cy<2>11 (F1/Madd_o_sign_cy<2>)
     LUT6:I2->O            1   0.203   0.000  MUX_tl/Mmux_m_o43_F (N5)
     MUXF7:I0->O           1   0.131   0.579  MUX_tl/Mmux_m_o43 (o<3>)
     OBUF:I->O                 2.571          LED_3_OBUF (LED<3>)
    ----------------------------------------
    Total                      6.783ns (4.330ns logic, 2.453ns route)
                                       (63.8% logic, 36.2% route)

=========================================================================

Cross Clock Domains Report:
--------------------------

=========================================================================


Total REAL time to Xst completion: 5.00 secs
Total CPU time to Xst completion: 5.52 secs
 
--> 

Total memory usage is 183704 kilobytes

Number of errors   :    0 (   0 filtered)
Number of warnings :    2 (   0 filtered)
Number of infos    :    0 (   0 filtered)

