Release 14.7 - xst P.20131013 (nt)
Copyright (c) 1995-2013 Xilinx, Inc.  All rights reserved.
--> Parameter TMPDIR set to xst/projnav.tmp


Total REAL time to Xst completion: 0.00 secs
Total CPU time to Xst completion: 0.15 secs
 
--> Parameter xsthdpdir set to xst


Total REAL time to Xst completion: 0.00 secs
Total CPU time to Xst completion: 0.15 secs
 
--> Reading design: ALU.prj

TABLE OF CONTENTS
  1) Synthesis Options Summary
  2) HDL Compilation
  3) Design Hierarchy Analysis
  4) HDL Analysis
  5) HDL Synthesis
     5.1) HDL Synthesis Report
  6) Advanced HDL Synthesis
     6.1) Advanced HDL Synthesis Report
  7) Low Level Synthesis
  8) Partition Report
  9) Final Report
	9.1) Device utilization summary
	9.2) Partition Resource Summary
	9.3) TIMING REPORT


=========================================================================
*                      Synthesis Options Summary                        *
=========================================================================
---- Source Parameters
Input File Name                    : "ALU.prj"
Input Format                       : mixed
Ignore Synthesis Constraint File   : NO

---- Target Parameters
Output File Name                   : "ALU"
Output Format                      : NGC
Target Device                      : xc3s100e-4-cp132

---- Source Options
Top Module Name                    : ALU
Automatic FSM Extraction           : YES
FSM Encoding Algorithm             : Auto
Safe Implementation                : No
FSM Style                          : LUT
RAM Extraction                     : Yes
RAM Style                          : Auto
ROM Extraction                     : Yes
Mux Style                          : Auto
Decoder Extraction                 : YES
Priority Encoder Extraction        : Yes
Shift Register Extraction          : YES
Logical Shifter Extraction         : YES
XOR Collapsing                     : YES
ROM Style                          : Auto
Mux Extraction                     : Yes
Resource Sharing                   : YES
Asynchronous To Synchronous        : NO
Multiplier Style                   : Auto
Automatic Register Balancing       : No

---- Target Options
Add IO Buffers                     : YES
Global Maximum Fanout              : 500
Add Generic Clock Buffer(BUFG)     : 24
Register Duplication               : YES
Slice Packing                      : YES
Optimize Instantiated Primitives   : NO
Use Clock Enable                   : Yes
Use Synchronous Set                : Yes
Use Synchronous Reset              : Yes
Pack IO Registers into IOBs        : Auto
Equivalent register Removal        : YES

---- General Options
Optimization Goal                  : Speed
Optimization Effort                : 1
Keep Hierarchy                     : No
Netlist Hierarchy                  : As_Optimized
RTL Output                         : Yes
Global Optimization                : AllClockNets
Read Cores                         : YES
Write Timing Constraints           : NO
Cross Clock Analysis               : NO
Hierarchy Separator                : /
Bus Delimiter                      : <>
Case Specifier                     : Maintain
Slice Utilization Ratio            : 100
BRAM Utilization Ratio             : 100
Verilog 2001                       : YES
Auto BRAM Packing                  : NO
Slice Utilization Ratio Delta      : 5

=========================================================================


=========================================================================
*                          HDL Compilation                              *
=========================================================================
Compiling vhdl file "C:/Users/kaskkmar/Documents/IT6pe/Digiloogika/ALU/func_1.vhdl" in Library work.
Architecture design of Entity func1 is up to date.
Compiling vhdl file "C:/Users/kaskkmar/Documents/IT6pe/Digiloogika/ALU/func_2.vhdl" in Library work.
Architecture design of Entity func2 is up to date.
Compiling vhdl file "C:/Users/kaskkmar/Documents/IT6pe/Digiloogika/ALU/func_3.vhdl" in Library work.
Entity <func3> compiled.
Entity <func3> (Architecture <design>) compiled.
Compiling vhdl file "C:/Users/kaskkmar/Documents/IT6pe/Digiloogika/ALU/func_4.vhdl" in Library work.
Architecture design of Entity func4 is up to date.
Compiling vhdl file "C:/Users/kaskkmar/Documents/IT6pe/Digiloogika/ALU/mux.vhdl" in Library work.
Architecture rtl of Entity mux is up to date.
Compiling vhdl file "C:/Users/kaskkmar/Documents/IT6pe/Digiloogika/ALU/toplevel.vhdl" in Library work.
Architecture toplevel of Entity alu is up to date.

=========================================================================
*                     Design Hierarchy Analysis                         *
=========================================================================
Analyzing hierarchy for entity <ALU> in library <work> (architecture <toplevel>).

Analyzing hierarchy for entity <func1> in library <work> (architecture <design>).

Analyzing hierarchy for entity <func2> in library <work> (architecture <design>).

Analyzing hierarchy for entity <func3> in library <work> (architecture <design>).

Analyzing hierarchy for entity <func4> in library <work> (architecture <design>).

Analyzing hierarchy for entity <mux> in library <work> (architecture <rtl>).


=========================================================================
*                            HDL Analysis                               *
=========================================================================
Analyzing Entity <ALU> in library <work> (Architecture <toplevel>).
Entity <ALU> analyzed. Unit <ALU> generated.

Analyzing Entity <func1> in library <work> (Architecture <design>).
Entity <func1> analyzed. Unit <func1> generated.

Analyzing Entity <func2> in library <work> (Architecture <design>).
Entity <func2> analyzed. Unit <func2> generated.

Analyzing Entity <func3> in library <work> (Architecture <design>).
Entity <func3> analyzed. Unit <func3> generated.

Analyzing Entity <func4> in library <work> (Architecture <design>).
Entity <func4> analyzed. Unit <func4> generated.

Analyzing Entity <mux> in library <work> (Architecture <rtl>).
INFO:Xst:1561 - "C:/Users/kaskkmar/Documents/IT6pe/Digiloogika/ALU/mux.vhdl" line 35: Mux is complete : default of case is discarded
Entity <mux> analyzed. Unit <mux> generated.


=========================================================================
*                           HDL Synthesis                               *
=========================================================================

Performing bidirectional port resolution...

Synthesizing Unit <func1>.
    Related source file is "C:/Users/kaskkmar/Documents/IT6pe/Digiloogika/ALU/func_1.vhdl".
    Found 4-bit adder for signal <o_sign>.
    Summary:
	inferred   1 Adder/Subtractor(s).
Unit <func1> synthesized.


Synthesizing Unit <func2>.
    Related source file is "C:/Users/kaskkmar/Documents/IT6pe/Digiloogika/ALU/func_2.vhdl".
Unit <func2> synthesized.


Synthesizing Unit <func3>.
    Related source file is "C:/Users/kaskkmar/Documents/IT6pe/Digiloogika/ALU/func_3.vhdl".
WARNING:Xst:646 - Signal <pos_sign> is assigned but never used. This unconnected signal will be trimmed during the optimization process.
WARNING:Xst:646 - Signal <b_sign<3:2>> is assigned but never used. This unconnected signal will be trimmed during the optimization process.
WARNING:Xst:646 - Signal <a_sign> is assigned but never used. This unconnected signal will be trimmed during the optimization process.
Unit <func3> synthesized.


Synthesizing Unit <func4>.
    Related source file is "C:/Users/kaskkmar/Documents/IT6pe/Digiloogika/ALU/func_4.vhdl".
Unit <func4> synthesized.


Synthesizing Unit <mux>.
    Related source file is "C:/Users/kaskkmar/Documents/IT6pe/Digiloogika/ALU/mux.vhdl".
    Found 4-bit 4-to-1 multiplexer for signal <m_o>.
    Summary:
	inferred   4 Multiplexer(s).
Unit <mux> synthesized.


Synthesizing Unit <ALU>.
    Related source file is "C:/Users/kaskkmar/Documents/IT6pe/Digiloogika/ALU/toplevel.vhdl".
Unit <ALU> synthesized.


=========================================================================
HDL Synthesis Report

Macro Statistics
# Adders/Subtractors                                   : 1
 4-bit adder                                           : 1
# Multiplexers                                         : 1
 4-bit 4-to-1 multiplexer                              : 1

=========================================================================

=========================================================================
*                       Advanced HDL Synthesis                          *
=========================================================================


=========================================================================
Advanced HDL Synthesis Report

Macro Statistics
# Adders/Subtractors                                   : 1
 4-bit adder                                           : 1
# Multiplexers                                         : 1
 4-bit 4-to-1 multiplexer                              : 1

=========================================================================

=========================================================================
*                         Low Level Synthesis                           *
=========================================================================

Optimizing unit <ALU> ...

Mapping all equations...
Building and optimizing final netlist ...
Found area constraint ratio of 100 (+ 5) on block ALU, actual ratio is 0.

Final Macro Processing ...

=========================================================================
Final Register Report

Found no macro
=========================================================================

=========================================================================
*                           Partition Report                            *
=========================================================================

Partition Implementation Status
-------------------------------

  No Partitions were found in this design.

-------------------------------

=========================================================================
*                            Final Report                               *
=========================================================================
Final Results
RTL Top Level Output File Name     : ALU.ngr
Top Level Output File Name         : ALU
Output Format                      : NGC
Optimization Goal                  : Speed
Keep Hierarchy                     : No

Design Statistics
# IOs                              : 14

Cell Usage :
# BELS                             : 16
#      LUT2                        : 2
#      LUT3                        : 4
#      LUT4                        : 6
#      MUXF5                       : 4
# IO Buffers                       : 14
#      IBUF                        : 10
#      OBUF                        : 4
=========================================================================

Device utilization summary:
---------------------------

Selected Device : 3s100ecp132-4 

 Number of Slices:                        6  out of    960     0%  
 Number of 4 input LUTs:                 12  out of   1920     0%  
 Number of IOs:                          14
 Number of bonded IOBs:                  14  out of     83    16%  

---------------------------
Partition Resource Summary:
---------------------------

  No Partitions were found in this design.

---------------------------


=========================================================================
TIMING REPORT

NOTE: THESE TIMING NUMBERS ARE ONLY A SYNTHESIS ESTIMATE.
      FOR ACCURATE TIMING INFORMATION PLEASE REFER TO THE TRACE REPORT
      GENERATED AFTER PLACE-and-ROUTE.

Clock Information:
------------------
No clock signals found in this design

Asynchronous Control Signals Information:
----------------------------------------
No asynchronous control signals found in this design

Timing Summary:
---------------
Speed Grade: -4

   Minimum period: No path found
   Minimum input arrival time before clock: No path found
   Maximum output required time after clock: No path found
   Maximum combinational path delay: 9.086ns

Timing Detail:
--------------
All values displayed in nanoseconds (ns)

=========================================================================
Timing constraint: Default path analysis
  Total number of paths / destination ports: 43 / 4
-------------------------------------------------------------------------
Delay:               9.086ns (Levels of Logic = 6)
  Source:            a<1> (PAD)
  Destination:       o<3> (PAD)

  Data Path: a<1> to o<3>
                                Gate     Net
    Cell:in->out      fanout   Delay   Delay  Logical Name (Net Name)
    ----------------------------------------  ------------
     IBUF:I->O             4   1.218   0.762  a_1_IBUF (a_1_IBUF)
     LUT4:I0->O            2   0.704   0.482  F1/Madd_o_sign_cy<1>11 (F1/Madd_o_sign_cy<1>)
     LUT3:I2->O            1   0.704   0.499  F1/Madd_o_sign_cy<2>11 (F1/Madd_o_sign_cy<2>)
     LUT4:I1->O            1   0.704   0.000  MUX_tl/Mmux_m_o844_F (N9)
     MUXF5:I0->O           1   0.321   0.420  MUX_tl/Mmux_m_o844 (o_3_OBUF)
     OBUF:I->O                 3.272          o_3_OBUF (o<3>)
    ----------------------------------------
    Total                      9.086ns (6.923ns logic, 2.163ns route)
                                       (76.2% logic, 23.8% route)

=========================================================================


Total REAL time to Xst completion: 5.00 secs
Total CPU time to Xst completion: 4.95 secs
 
--> 

Total memory usage is 198128 kilobytes

Number of errors   :    0 (   0 filtered)
Number of warnings :    3 (   0 filtered)
Number of infos    :    1 (   0 filtered)

