ISim log file
Running: C:\Users\kaskkmar\Documents\IT6pe\Digiloogika\ALU\ALU_TB_isim_beh.exe -intstyle ise -gui -tclbatch isim.cmd -wdb C:/Users/kaskkmar/Documents/IT6pe/Digiloogika/ALU/ALU_TB_isim_beh.wdb 
INFO: There is another simulation running in the same directory. Using database file name isim1.wdb.
ISim P.20131013 (signature 0x8ef4fb42)
WARNING: A WEBPACK license was found.
WARNING: Please use Xilinx License Configuration Manager to check out a full ISim license.
WARNING: ISim will run in Lite mode. Please refer to the ISim documentation for more information on the differences between the Lite and the Full version.
This is a Lite version of ISim.
Time resolution is 1 ps
# onerror resume
# wave add /
# run 1000 ns
Simulator is doing circuit initialization process.
at 0 ps: Note: Test case 1 (/alu_tb/).
at 0 ps, Instance /alu_tb/uut/F1/ : Warning: There is an 'U'|'X'|'W'|'Z'|'-' in an arithmetic operand, the result will be 'X'(es).
Finished circuit initialization process.
at 40 ns: Note: Test case 2 (/alu_tb/).
at 80 ns: Note: Test case 3 (/alu_tb/).
at 120 ns: Note: Test case 4 (/alu_tb/).
at 160 ns: Note: Test case 5 (/alu_tb/).
INFO: There is another simulation running in the same directory. Using database file name isim1.wdb.
ISim P.20131013 (signature 0x8ef4fb42)
WARNING: A WEBPACK license was found.
WARNING: Please use Xilinx License Configuration Manager to check out a full ISim license.
WARNING: ISim will run in Lite mode. Please refer to the ISim documentation for more information on the differences between the Lite and the Full version.
This is a Lite version of ISim.
# run 1000 ns
Simulator is doing circuit initialization process.
at 0 ps: Note: Test case 1 (/alu_tb/).
at 0 ps, Instance /alu_tb/uut/F1/ : Warning: There is an 'U'|'X'|'W'|'Z'|'-' in an arithmetic operand, the result will be 'X'(es).
Finished circuit initialization process.
at 40 ns: Note: Test case 2 (/alu_tb/).
at 80 ns: Note: Test case 3 (/alu_tb/).
at 120 ns: Note: Test case 4 (/alu_tb/).
at 160 ns: Note: Test case 5 (/alu_tb/).
