Command line:
   func3_isim_beh.exe
     -simmode  gui
     -simrunnum  0
     -socket  57605

Wed Dec 14 13:59:05 2016


 Elaboration Time: 0.046875 sec

 Current Memory Usage: 343.949 Meg

 Total Signals          : 7
 Total Nets             : 26
 Total Signal Drivers   : 5
 Total Blocks           : 3
 Total Primitive Blocks : 3
 Total Processes        : 5
 Total Traceable Variables  : 13
 Total Scalar Nets and Variables : 509
Total Line Count : 5

 Total Simulation Time: 0.078125 sec

 Current Memory Usage: 343.949 Meg

Wed Dec 14 14:50:49 2016

